<?xml version="1.0" encoding="UTF-8"?>
<!-- Generated by org.testng.reporters.JUnitReportReporter -->
<testsuite hostname="ARPGL001088" name="com.sdet.AppTest" tests="2" failures="0" timestamp="16 Jan 2022 09:01:37 GMT" time="0.020" errors="0">
  <testcase name="testLogin1" time="0.020" classname="com.sdet.AppTest"/>
  <testcase name="testLogin2" time="0.000" classname="com.sdet.AppTest"/>
</testsuite> <!-- com.sdet.AppTest -->
