<?xml version="1.0" encoding="UTF-8"?>
<!-- Generated by org.testng.reporters.JUnitReportReporter -->
<testsuite skipped="0" hostname="ARPGL001088" name="com.sdet.AppTest" tests="2" failures="0" timestamp="2022-01-17T10:28:37 IST" time="0.016" errors="0">
  <testcase name="testLogin1" time="0.016" classname="com.sdet.AppTest"/>
  <system-out/>
  <testcase name="testLogin2" time="0.000" classname="com.sdet.AppTest"/>
  <system-out/>
</testsuite> <!-- com.sdet.AppTest -->
